build/app/intermediates/manifest_merge_blame_file/debug/manifest-merger-blame-debug-report.txt
1<?xml version="1.0" encoding="utf-8"?>
2<manifest xmlns:android="http://schemas.android.com/apk/res/android"
3    package="com.example.vistox"
4    android:versionCode="1"
5    android:versionName="1.0.0" >
6
7    <uses-sdk
8        android:minSdkVersion="16"
9        android:targetSdkVersion="31" />
10    <!--
11         The INTERNET permission is required for development. Specifically,
12         the Flutter tool needs it to communicate with the running application
13         to allow setting breakpoints, to provide hot reload, etc.
14    -->
15    <uses-permission android:name="android.permission.INTERNET" />
15-->src/main/AndroidManifest.xml:3:5-66
15-->src/main/AndroidManifest.xml:3:22-64
16    <uses-permission android:name="android.permission.FOREGROUND_SERVICE" />
16-->[:geolocator_android] AndroidManifest.xml:9:5-77
16-->[:geolocator_android] AndroidManifest.xml:9:22-74
17    <uses-permission android:name="android.permission.READ_EXTERNAL_STORAGE" />
17-->[:file_picker] AndroidManifest.xml:9:5-80
17-->[:file_picker] AndroidManifest.xml:9:22-77
18
19    <queries>
19-->[:file_picker] AndroidManifest.xml:11:5-17:15
20        <intent>
20-->[:file_picker] AndroidManifest.xml:12:9-16:18
21            <action android:name="android.intent.action.GET_CONTENT" />
21-->[:file_picker] AndroidManifest.xml:13:13-72
21-->[:file_picker] AndroidManifest.xml:13:21-69
22
23            <data android:mimeType="*/*" />
23-->[:file_picker] AndroidManifest.xml:15:13-44
23-->[:file_picker] AndroidManifest.xml:15:19-41
24        </intent>
25    </queries>
26
27    <uses-permission android:name="android.permission.ACCESS_COARSE_LOCATION" />
27-->[:location] AndroidManifest.xml:9:5-81
27-->[:location] AndroidManifest.xml:9:22-78
28    <uses-permission android:name="android.permission.ACCESS_FINE_LOCATION" />
28-->[:location] AndroidManifest.xml:10:5-79
28-->[:location] AndroidManifest.xml:10:22-76
29    <uses-permission android:name="android.permission.ACCESS_NETWORK_STATE" />
29-->[com.google.android.exoplayer:exoplayer-core:2.17.1] AndroidManifest.xml:24:5-79
29-->[com.google.android.exoplayer:exoplayer-core:2.17.1] AndroidManifest.xml:24:22-76
30
31    <application
32        android:name="android.app.Application"
33        android:appComponentFactory="androidx.core.app.CoreComponentFactory"
33-->[androidx.core:core:1.7.0] AndroidManifest.xml:24:18-86
34        android:debuggable="true"
35        android:icon="@mipmap/ic_launcher"
36        android:label="vistox" >
37        <activity
38            android:name="com.example.vistox.MainActivity"
39            android:configChanges="orientation|keyboardHidden|keyboard|screenSize|smallestScreenSize|locale|layoutDirection|fontScale|screenLayout|density|uiMode"
40            android:exported="true"
41            android:hardwareAccelerated="true"
42            android:launchMode="singleTop"
43            android:theme="@style/LaunchTheme"
44            android:windowSoftInputMode="adjustResize" >
45
46            <!--
47                 Specifies an Android theme to apply to this Activity as soon as
48                 the Android process has started. This theme is visible to the user
49                 while the Flutter UI initializes. After that, this theme continues
50                 to determine the Window background behind the Flutter UI.
51            -->
52            <meta-data
53                android:name="io.flutter.embedding.android.NormalTheme"
54                android:resource="@style/NormalTheme" />
55
56            <intent-filter>
57                <action android:name="android.intent.action.MAIN" />
58
59                <category android:name="android.intent.category.LAUNCHER" />
60            </intent-filter>
61        </activity>
62        <!--
63             Don't delete the meta-data below.
64             This is used by the Flutter tool to generate GeneratedPluginRegistrant.java
65        -->
66        <meta-data
67            android:name="flutterEmbedding"
68            android:value="2" />
69
70        <service
70-->[:geolocator_android] AndroidManifest.xml:12:9-16:56
71            android:name="com.baseflow.geolocator.GeolocatorLocationService"
71-->[:geolocator_android] AndroidManifest.xml:13:13-77
72            android:enabled="true"
72-->[:geolocator_android] AndroidManifest.xml:14:13-35
73            android:exported="false"
73-->[:geolocator_android] AndroidManifest.xml:15:13-37
74            android:foregroundServiceType="location" />
74-->[:geolocator_android] AndroidManifest.xml:16:13-53
75        <service
75-->[:location] AndroidManifest.xml:13:9-17:56
76            android:name="com.lyokone.location.FlutterLocationService"
76-->[:location] AndroidManifest.xml:14:13-71
77            android:enabled="true"
77-->[:location] AndroidManifest.xml:15:13-35
78            android:exported="false"
78-->[:location] AndroidManifest.xml:16:13-37
79            android:foregroundServiceType="location" />
79-->[:location] AndroidManifest.xml:17:13-53
80
81        <uses-library
81-->[androidx.window:window:1.0.0-beta04] AndroidManifest.xml:25:9-27:40
82            android:name="androidx.window.extensions"
82-->[androidx.window:window:1.0.0-beta04] AndroidManifest.xml:26:13-54
83            android:required="false" />
83-->[androidx.window:window:1.0.0-beta04] AndroidManifest.xml:27:13-37
84        <uses-library
84-->[androidx.window:window:1.0.0-beta04] AndroidManifest.xml:28:9-30:40
85            android:name="androidx.window.sidecar"
85-->[androidx.window:window:1.0.0-beta04] AndroidManifest.xml:29:13-51
86            android:required="false" />
86-->[androidx.window:window:1.0.0-beta04] AndroidManifest.xml:30:13-37
87
88        <activity
88-->[com.google.android.gms:play-services-base:17.0.0] AndroidManifest.xml:23:9-26:75
89            android:name="com.google.android.gms.common.api.GoogleApiActivity"
89-->[com.google.android.gms:play-services-base:17.0.0] AndroidManifest.xml:24:13-79
90            android:exported="false"
90-->[com.google.android.gms:play-services-base:17.0.0] AndroidManifest.xml:25:13-37
91            android:theme="@android:style/Theme.Translucent.NoTitleBar" />
91-->[com.google.android.gms:play-services-base:17.0.0] AndroidManifest.xml:26:13-72
92
93        <meta-data
93-->[com.google.android.gms:play-services-basement:17.0.0] AndroidManifest.xml:23:9-25:69
94            android:name="com.google.android.gms.version"
94-->[com.google.android.gms:play-services-basement:17.0.0] AndroidManifest.xml:24:13-58
95            android:value="@integer/google_play_services_version" />
95-->[com.google.android.gms:play-services-basement:17.0.0] AndroidManifest.xml:25:13-66
96    </application>
97
98</manifest>